crashreport/build/intermediates/manifest_merge_blame_file/release/manifest-merger-blame-release-report.txt
1<?xml version="1.0" encoding="utf-8"?>
2<manifest xmlns:android="http://schemas.android.com/apk/res/android"
3    package="otang.crashreport" >
4
5    <uses-sdk
6        android:minSdkVersion="26"
6-->src/main/AndroidManifest.xml
7        android:targetSdkVersion="32" />
7-->src/main/AndroidManifest.xml
8
9    <application>
9-->src/main/AndroidManifest.xml:6:5-17:19
10        <activity
10-->src/main/AndroidManifest.xml:7:9-10:49
11            android:name="otang.crashreport.activity.DefaultErrorActivity"
11-->src/main/AndroidManifest.xml:8:13-58
12            android:exported="true"
12-->src/main/AndroidManifest.xml:9:13-36
13            android:process=":error_activity" />
13-->src/main/AndroidManifest.xml:10:13-46
14
15        <provider
15-->src/main/AndroidManifest.xml:12:9-16:39
16            android:name="otang.crashreport.provider.CrashInitProvider"
16-->src/main/AndroidManifest.xml:13:13-55
17            android:authorities="otang.crashreport.crashinitprovider"
17-->src/main/AndroidManifest.xml:14:13-70
18            android:exported="true"
18-->src/main/AndroidManifest.xml:15:13-36
19            android:initOrder="101" />
19-->src/main/AndroidManifest.xml:16:13-36
20    </application>
21
22</manifest>